Analysis & Synthesis report for LogicalStep_Lab4_top
Tue Jul 10 14:31:20 2018
Quartus Prime Version 15.1.0 Build 185 10/21/2015 SJ Standard Edition


---------------------
; Table of Contents ;
---------------------
  1. Legal Notice
  2. Analysis & Synthesis Summary
  3. Analysis & Synthesis Settings
  4. Parallel Compilation
  5. Analysis & Synthesis Source Files Read
  6. Analysis & Synthesis Resource Usage Summary
  7. Analysis & Synthesis Resource Utilization by Entity
  8. State Machine - |LogicalStep_Lab4_top|marco_extender:INST12|current_state
  9. State Machine - |LogicalStep_Lab4_top|meek_meally:INST1|current_state
 10. Registers Removed During Synthesis
 11. General Register Statistics
 12. Multiplexer Restructuring Statistics (Restructuring Performed)
 13. Post-Synthesis Netlist Statistics for Top Partition
 14. Elapsed Time Per Partition
 15. Analysis & Synthesis Messages



----------------
; Legal Notice ;
----------------
Copyright (C) 1991-2015 Altera Corporation. All rights reserved.
Your use of Altera Corporation's design tools, logic functions 
and other software and tools, and its AMPP partner logic 
functions, and any output files from any of the foregoing 
(including device programming or simulation files), and any 
associated documentation or information are expressly subject 
to the terms and conditions of the Altera Program License 
Subscription Agreement, the Altera Quartus Prime License Agreement,
the Altera MegaCore Function License Agreement, or other 
applicable license agreement, including, without limitation, 
that your use is for the sole purpose of programming logic 
devices manufactured by Altera and sold by Altera or its 
authorized distributors.  Please refer to the applicable 
agreement for further details.



+--------------------------------------------------------------------------------------+
; Analysis & Synthesis Summary                                                         ;
+------------------------------------+-------------------------------------------------+
; Analysis & Synthesis Status        ; Successful - Tue Jul 10 14:31:20 2018           ;
; Quartus Prime Version              ; 15.1.0 Build 185 10/21/2015 SJ Standard Edition ;
; Revision Name                      ; LogicalStep_Lab4_top                            ;
; Top-level Entity Name              ; LogicalStep_Lab4_top                            ;
; Family                             ; MAX 10                                          ;
; Total logic elements               ; 127                                             ;
;     Total combinational functions  ; 127                                             ;
;     Dedicated logic registers      ; 62                                              ;
; Total registers                    ; 62                                              ;
; Total pins                         ; 31                                              ;
; Total virtual pins                 ; 0                                               ;
; Total memory bits                  ; 0                                               ;
; Embedded Multiplier 9-bit elements ; 0                                               ;
; Total PLLs                         ; 0                                               ;
; UFM blocks                         ; 0                                               ;
; ADC blocks                         ; 0                                               ;
+------------------------------------+-------------------------------------------------+


+--------------------------------------------------------------------------------------------------------------------------+
; Analysis & Synthesis Settings                                                                                            ;
+----------------------------------------------------------------------------+----------------------+----------------------+
; Option                                                                     ; Setting              ; Default Value        ;
+----------------------------------------------------------------------------+----------------------+----------------------+
; Device                                                                     ; 10M08SAE144C8G       ;                      ;
; Top-level entity name                                                      ; LogicalStep_Lab4_top ; LogicalStep_Lab4_top ;
; Family name                                                                ; MAX 10               ; Cyclone V            ;
; Use smart compilation                                                      ; Off                  ; Off                  ;
; Enable parallel Assembler and TimeQuest Timing Analyzer during compilation ; On                   ; On                   ;
; Enable compact report table                                                ; Off                  ; Off                  ;
; Restructure Multiplexers                                                   ; Auto                 ; Auto                 ;
; Create Debugging Nodes for IP Cores                                        ; Off                  ; Off                  ;
; Preserve fewer node names                                                  ; On                   ; On                   ;
; Disable OpenCore Plus hardware evaluation                                  ; Off                  ; Off                  ;
; Verilog Version                                                            ; Verilog_2001         ; Verilog_2001         ;
; VHDL Version                                                               ; VHDL_1993            ; VHDL_1993            ;
; State Machine Processing                                                   ; Auto                 ; Auto                 ;
; Safe State Machine                                                         ; Off                  ; Off                  ;
; Extract Verilog State Machines                                             ; On                   ; On                   ;
; Extract VHDL State Machines                                                ; On                   ; On                   ;
; Ignore Verilog initial constructs                                          ; Off                  ; Off                  ;
; Iteration limit for constant Verilog loops                                 ; 5000                 ; 5000                 ;
; Iteration limit for non-constant Verilog loops                             ; 250                  ; 250                  ;
; Add Pass-Through Logic to Inferred RAMs                                    ; On                   ; On                   ;
; Infer RAMs from Raw Logic                                                  ; On                   ; On                   ;
; Parallel Synthesis                                                         ; On                   ; On                   ;
; DSP Block Balancing                                                        ; Auto                 ; Auto                 ;
; NOT Gate Push-Back                                                         ; On                   ; On                   ;
; Power-Up Don't Care                                                        ; On                   ; On                   ;
; Remove Redundant Logic Cells                                               ; Off                  ; Off                  ;
; Remove Duplicate Registers                                                 ; On                   ; On                   ;
; Ignore CARRY Buffers                                                       ; Off                  ; Off                  ;
; Ignore CASCADE Buffers                                                     ; Off                  ; Off                  ;
; Ignore GLOBAL Buffers                                                      ; Off                  ; Off                  ;
; Ignore ROW GLOBAL Buffers                                                  ; Off                  ; Off                  ;
; Ignore LCELL Buffers                                                       ; Off                  ; Off                  ;
; Ignore SOFT Buffers                                                        ; On                   ; On                   ;
; Limit AHDL Integers to 32 Bits                                             ; Off                  ; Off                  ;
; Optimization Technique                                                     ; Balanced             ; Balanced             ;
; Carry Chain Length                                                         ; 70                   ; 70                   ;
; Auto Carry Chains                                                          ; On                   ; On                   ;
; Auto Open-Drain Pins                                                       ; On                   ; On                   ;
; Perform WYSIWYG Primitive Resynthesis                                      ; Off                  ; Off                  ;
; Auto ROM Replacement                                                       ; On                   ; On                   ;
; Auto RAM Replacement                                                       ; On                   ; On                   ;
; Auto DSP Block Replacement                                                 ; On                   ; On                   ;
; Auto Shift Register Replacement                                            ; Auto                 ; Auto                 ;
; Allow Shift Register Merging across Hierarchies                            ; Auto                 ; Auto                 ;
; Auto Clock Enable Replacement                                              ; On                   ; On                   ;
; Strict RAM Replacement                                                     ; Off                  ; Off                  ;
; Allow Synchronous Control Signals                                          ; On                   ; On                   ;
; Force Use of Synchronous Clear Signals                                     ; Off                  ; Off                  ;
; Auto RAM Block Balancing                                                   ; On                   ; On                   ;
; Auto RAM to Logic Cell Conversion                                          ; Off                  ; Off                  ;
; Auto Resource Sharing                                                      ; Off                  ; Off                  ;
; Allow Any RAM Size For Recognition                                         ; Off                  ; Off                  ;
; Allow Any ROM Size For Recognition                                         ; Off                  ; Off                  ;
; Allow Any Shift Register Size For Recognition                              ; Off                  ; Off                  ;
; Use LogicLock Constraints during Resource Balancing                        ; On                   ; On                   ;
; Ignore translate_off and synthesis_off directives                          ; Off                  ; Off                  ;
; Timing-Driven Synthesis                                                    ; On                   ; On                   ;
; Report Parameter Settings                                                  ; On                   ; On                   ;
; Report Source Assignments                                                  ; On                   ; On                   ;
; Report Connectivity Checks                                                 ; On                   ; On                   ;
; Ignore Maximum Fan-Out Assignments                                         ; Off                  ; Off                  ;
; Synchronization Register Chain Length                                      ; 2                    ; 2                    ;
; PowerPlay Power Optimization During Synthesis                              ; Normal compilation   ; Normal compilation   ;
; HDL message level                                                          ; Level2               ; Level2               ;
; Suppress Register Optimization Related Messages                            ; Off                  ; Off                  ;
; Number of Removed Registers Reported in Synthesis Report                   ; 5000                 ; 5000                 ;
; Number of Swept Nodes Reported in Synthesis Report                         ; 5000                 ; 5000                 ;
; Number of Inverted Registers Reported in Synthesis Report                  ; 100                  ; 100                  ;
; Clock MUX Protection                                                       ; On                   ; On                   ;
; Auto Gated Clock Conversion                                                ; Off                  ; Off                  ;
; Block Design Naming                                                        ; Auto                 ; Auto                 ;
; SDC constraint protection                                                  ; Off                  ; Off                  ;
; Synthesis Effort                                                           ; Auto                 ; Auto                 ;
; Shift Register Replacement - Allow Asynchronous Clear Signal               ; On                   ; On                   ;
; Pre-Mapping Resynthesis Optimization                                       ; Off                  ; Off                  ;
; Analysis & Synthesis Message Level                                         ; Medium               ; Medium               ;
; Disable Register Merging Across Hierarchies                                ; Auto                 ; Auto                 ;
; Resource Aware Inference For Block RAM                                     ; On                   ; On                   ;
; Synthesis Seed                                                             ; 1                    ; 1                    ;
+----------------------------------------------------------------------------+----------------------+----------------------+


+------------------------------------------+
; Parallel Compilation                     ;
+----------------------------+-------------+
; Processors                 ; Number      ;
+----------------------------+-------------+
; Number detected on machine ; 4           ;
; Maximum allowed            ; 2           ;
;                            ;             ;
; Average used               ; 1.00        ;
; Maximum used               ; 2           ;
;                            ;             ;
; Usage by Processor         ; % Time Used ;
;     Processor 1            ; 100.0%      ;
;     Processor 2            ; < 0.1%      ;
+----------------------------+-------------+


+----------------------------------------------------------------------------------------------------------------------------------+
; Analysis & Synthesis Source Files Read                                                                                           ;
+----------------------------------+-----------------+-----------------------+-------------------------------------------+---------+
; File Name with User-Entered Path ; Used in Netlist ; File Type             ; File Name with Absolute Path              ; Library ;
+----------------------------------+-----------------+-----------------------+-------------------------------------------+---------+
; Bidir_shift_reg.vhd              ; yes             ; User VHDL File        ; N:/ECE124/Lab4/Bidir_shift_reg.vhd        ;         ;
; Bin_counter4bit.vhd              ; yes             ; User VHDL File        ; N:/ECE124/Lab4/Bin_counter4bit.vhd        ;         ;
; grabbalar.vhd                    ; yes             ; User VHDL File        ; N:/ECE124/Lab4/grabbalar.vhd              ;         ;
; LogicalStep_Lab4_top.vhd         ; yes             ; User VHDL File        ; N:/ECE124/Lab4/LogicalStep_Lab4_top.vhd   ;         ;
; segment7_mux.vhd                 ; yes             ; User VHDL File        ; N:/ECE124/Lab4/segment7_mux.vhd           ;         ;
; SevenSegment.vhd                 ; yes             ; User VHDL File        ; N:/ECE124/Lab4/SevenSegment.vhd           ;         ;
; marco_extender.vhd               ; yes             ; User VHDL File        ; N:/ECE124/Lab4/marco_extender.vhd         ;         ;
; meek_meally.vhd                  ; yes             ; User VHDL File        ; N:/ECE124/Lab4/meek_meally.vhd            ;         ;
; error_handler.vhd                ; yes             ; User VHDL File        ; N:/ECE124/Lab4/error_handler.vhd          ;         ;
; four_bit_comparator.vhd          ; yes             ; Auto-Found VHDL File  ; N:/ECE124/Lab4/four_bit_comparator.vhd    ;         ;
; magnitude_comparator_1.vhd       ; yes             ; Auto-Found VHDL File  ; N:/ECE124/Lab4/magnitude_comparator_1.vhd ;         ;
; magnitude_comparator_4.vhd       ; yes             ; Auto-Found VHDL File  ; N:/ECE124/Lab4/magnitude_comparator_4.vhd ;         ;
; mux.vhd                          ; yes             ; Auto-Found VHDL File  ; N:/ECE124/Lab4/mux.vhd                    ;         ;
+----------------------------------+-----------------+-----------------------+-------------------------------------------+---------+


+---------------------------------------------------------------+
; Analysis & Synthesis Resource Usage Summary                   ;
+---------------------------------------------+-----------------+
; Resource                                    ; Usage           ;
+---------------------------------------------+-----------------+
; Estimated Total logic elements              ; 127             ;
;                                             ;                 ;
; Total combinational functions               ; 127             ;
; Logic element usage by number of LUT inputs ;                 ;
;     -- 4 input functions                    ; 46              ;
;     -- 3 input functions                    ; 34              ;
;     -- <=2 input functions                  ; 47              ;
;                                             ;                 ;
; Logic elements by mode                      ;                 ;
;     -- normal mode                          ; 96              ;
;     -- arithmetic mode                      ; 31              ;
;                                             ;                 ;
; Total registers                             ; 62              ;
;     -- Dedicated logic registers            ; 62              ;
;     -- I/O registers                        ; 0               ;
;                                             ;                 ;
; I/O pins                                    ; 31              ;
;                                             ;                 ;
; Embedded Multiplier 9-bit elements          ; 0               ;
;                                             ;                 ;
; Maximum fan-out node                        ; bin_counter[23] ;
; Maximum fan-out                             ; 28              ;
; Total fan-out                               ; 579             ;
; Average fan-out                             ; 2.31            ;
+---------------------------------------------+-----------------+


+--------------------------------------------------------------------------------------------------------------------------------------------------------------------------------------------------------------------------------------------------------------------------+
; Analysis & Synthesis Resource Utilization by Entity                                                                                                                                                                                                                      ;
+--------------------------------------+-------------------+--------------+-------------+------------+--------------+---------+-----------+------+--------------+------------+------------------------------------------------------------------------------+--------------+
; Compilation Hierarchy Node           ; LC Combinationals ; LC Registers ; Memory Bits ; UFM Blocks ; DSP Elements ; DSP 9x9 ; DSP 18x18 ; Pins ; Virtual Pins ; ADC blocks ; Full Hierarchy Name                                                          ; Library Name ;
+--------------------------------------+-------------------+--------------+-------------+------------+--------------+---------+-----------+------+--------------+------------+------------------------------------------------------------------------------+--------------+
; |LogicalStep_Lab4_top                ; 127 (24)          ; 62 (24)      ; 0           ; 0          ; 0            ; 0       ; 0         ; 31   ; 0            ; 0          ; |LogicalStep_Lab4_top                                                        ; work         ;
;    |Bidir_shift_reg:INST13|          ; 4 (4)             ; 4 (4)        ; 0           ; 0          ; 0            ; 0       ; 0         ; 0    ; 0            ; 0          ; |LogicalStep_Lab4_top|Bidir_shift_reg:INST13                                 ; work         ;
;    |Bin_counter4bit:INST2|           ; 8 (8)             ; 4 (4)        ; 0           ; 0          ; 0            ; 0       ; 0         ; 0    ; 0            ; 0          ; |LogicalStep_Lab4_top|Bin_counter4bit:INST2                                  ; work         ;
;    |Bin_counter4bit:INST3|           ; 8 (8)             ; 4 (4)        ; 0           ; 0          ; 0            ; 0       ; 0         ; 0    ; 0            ; 0          ; |LogicalStep_Lab4_top|Bin_counter4bit:INST3                                  ; work         ;
;    |FOUR_BIT_COMPARATOR:INST4|       ; 2 (0)             ; 0 (0)        ; 0           ; 0          ; 0            ; 0       ; 0         ; 0    ; 0            ; 0          ; |LogicalStep_Lab4_top|FOUR_BIT_COMPARATOR:INST4                              ; work         ;
;       |MAGNITUDE_COMPARATOR_1:INST4| ; 1 (1)             ; 0 (0)        ; 0           ; 0          ; 0            ; 0       ; 0         ; 0    ; 0            ; 0          ; |LogicalStep_Lab4_top|FOUR_BIT_COMPARATOR:INST4|MAGNITUDE_COMPARATOR_1:INST4 ; work         ;
;       |MAGNITUDE_COMPARATOR_4:INST5| ; 1 (1)             ; 0 (0)        ; 0           ; 0          ; 0            ; 0       ; 0         ; 0    ; 0            ; 0          ; |LogicalStep_Lab4_top|FOUR_BIT_COMPARATOR:INST4|MAGNITUDE_COMPARATOR_4:INST5 ; work         ;
;    |FOUR_BIT_COMPARATOR:INST5|       ; 2 (0)             ; 0 (0)        ; 0           ; 0          ; 0            ; 0       ; 0         ; 0    ; 0            ; 0          ; |LogicalStep_Lab4_top|FOUR_BIT_COMPARATOR:INST5                              ; work         ;
;       |MAGNITUDE_COMPARATOR_1:INST4| ; 1 (1)             ; 0 (0)        ; 0           ; 0          ; 0            ; 0       ; 0         ; 0    ; 0            ; 0          ; |LogicalStep_Lab4_top|FOUR_BIT_COMPARATOR:INST5|MAGNITUDE_COMPARATOR_1:INST4 ; work         ;
;       |MAGNITUDE_COMPARATOR_4:INST5| ; 1 (1)             ; 0 (0)        ; 0           ; 0          ; 0            ; 0       ; 0         ; 0    ; 0            ; 0          ; |LogicalStep_Lab4_top|FOUR_BIT_COMPARATOR:INST5|MAGNITUDE_COMPARATOR_4:INST5 ; work         ;
;    |MUX:INST6|                       ; 4 (4)             ; 0 (0)        ; 0           ; 0          ; 0            ; 0       ; 0         ; 0    ; 0            ; 0          ; |LogicalStep_Lab4_top|MUX:INST6                                              ; work         ;
;    |MUX:INST7|                       ; 4 (4)             ; 0 (0)        ; 0           ; 0          ; 0            ; 0       ; 0         ; 0    ; 0            ; 0          ; |LogicalStep_Lab4_top|MUX:INST7                                              ; work         ;
;    |SevenSegment:INST8|              ; 7 (7)             ; 0 (0)        ; 0           ; 0          ; 0            ; 0       ; 0         ; 0    ; 0            ; 0          ; |LogicalStep_Lab4_top|SevenSegment:INST8                                     ; work         ;
;    |SevenSegment:INST9|              ; 7 (7)             ; 0 (0)        ; 0           ; 0          ; 0            ; 0       ; 0         ; 0    ; 0            ; 0          ; |LogicalStep_Lab4_top|SevenSegment:INST9                                     ; work         ;
;    |error_handler:INST10|            ; 1 (1)             ; 0 (0)        ; 0           ; 0          ; 0            ; 0       ; 0         ; 0    ; 0            ; 0          ; |LogicalStep_Lab4_top|error_handler:INST10                                   ; work         ;
;    |grabbalar:INST14|                ; 1 (1)             ; 1 (1)        ; 0           ; 0          ; 0            ; 0       ; 0         ; 0    ; 0            ; 0          ; |LogicalStep_Lab4_top|grabbalar:INST14                                       ; work         ;
;    |marco_extender:INST12|           ; 13 (13)           ; 10 (10)      ; 0           ; 0          ; 0            ; 0       ; 0         ; 0    ; 0            ; 0          ; |LogicalStep_Lab4_top|marco_extender:INST12                                  ; work         ;
;    |meek_meally:INST1|               ; 24 (24)           ; 4 (4)        ; 0           ; 0          ; 0            ; 0       ; 0         ; 0    ; 0            ; 0          ; |LogicalStep_Lab4_top|meek_meally:INST1                                      ; work         ;
;    |segment7_mux:INST11|             ; 18 (18)           ; 11 (11)      ; 0           ; 0          ; 0            ; 0       ; 0         ; 0    ; 0            ; 0          ; |LogicalStep_Lab4_top|segment7_mux:INST11                                    ; work         ;
+--------------------------------------+-------------------+--------------+-------------+------------+--------------+---------+-----------+------+--------------+------------+------------------------------------------------------------------------------+--------------+
Note: For table entries with two numbers listed, the numbers in parentheses indicate the number of resources of the given type used by the specific entity alone. The numbers listed outside of parentheses indicate the total resources of the given type used by the specific entity and all of its sub-entities in the hierarchy.


Encoding Type:  One-Hot
+----------------------------------------------------------------------------------------------------------------------------------------------------------------------------------------------------------------+
; State Machine - |LogicalStep_Lab4_top|marco_extender:INST12|current_state                                                                                                                                      ;
+------------------+------------------+------------------+------------------+------------------+------------------+------------------+------------------+------------------+------------------+------------------+
; Name             ; current_state.s9 ; current_state.s8 ; current_state.S7 ; current_state.S6 ; current_state.S5 ; current_state.S4 ; current_state.S3 ; current_state.S2 ; current_state.S1 ; current_state.S0 ;
+------------------+------------------+------------------+------------------+------------------+------------------+------------------+------------------+------------------+------------------+------------------+
; current_state.S0 ; 0                ; 0                ; 0                ; 0                ; 0                ; 0                ; 0                ; 0                ; 0                ; 0                ;
; current_state.S1 ; 0                ; 0                ; 0                ; 0                ; 0                ; 0                ; 0                ; 0                ; 1                ; 1                ;
; current_state.S2 ; 0                ; 0                ; 0                ; 0                ; 0                ; 0                ; 0                ; 1                ; 0                ; 1                ;
; current_state.S3 ; 0                ; 0                ; 0                ; 0                ; 0                ; 0                ; 1                ; 0                ; 0                ; 1                ;
; current_state.S4 ; 0                ; 0                ; 0                ; 0                ; 0                ; 1                ; 0                ; 0                ; 0                ; 1                ;
; current_state.S5 ; 0                ; 0                ; 0                ; 0                ; 1                ; 0                ; 0                ; 0                ; 0                ; 1                ;
; current_state.S6 ; 0                ; 0                ; 0                ; 1                ; 0                ; 0                ; 0                ; 0                ; 0                ; 1                ;
; current_state.S7 ; 0                ; 0                ; 1                ; 0                ; 0                ; 0                ; 0                ; 0                ; 0                ; 1                ;
; current_state.s8 ; 0                ; 1                ; 0                ; 0                ; 0                ; 0                ; 0                ; 0                ; 0                ; 1                ;
; current_state.s9 ; 1                ; 0                ; 0                ; 0                ; 0                ; 0                ; 0                ; 0                ; 0                ; 1                ;
+------------------+------------------+------------------+------------------+------------------+------------------+------------------+------------------+------------------+------------------+------------------+


Encoding Type:  One-Hot
+--------------------------------------------------------------------------------------------------------------------------+
; State Machine - |LogicalStep_Lab4_top|meek_meally:INST1|current_state                                                    ;
+--------------------------+---------------------+-----------------------+----------------------+--------------------------+
; Name                     ; current_state.error ; current_state.arrival ; current_state.motion ; current_state.stationary ;
+--------------------------+---------------------+-----------------------+----------------------+--------------------------+
; current_state.stationary ; 0                   ; 0                     ; 0                    ; 0                        ;
; current_state.motion     ; 0                   ; 0                     ; 1                    ; 1                        ;
; current_state.arrival    ; 0                   ; 1                     ; 0                    ; 1                        ;
; current_state.error      ; 1                   ; 0                     ; 0                    ; 1                        ;
+--------------------------+---------------------+-----------------------+----------------------+--------------------------+


+------------------------------------------------------------+
; Registers Removed During Synthesis                         ;
+---------------------------------------+--------------------+
; Register name                         ; Reason for Removal ;
+---------------------------------------+--------------------+
; bin_counter[24,25]                    ; Lost fanout        ;
; Total Number of Removed Registers = 2 ;                    ;
+---------------------------------------+--------------------+


+------------------------------------------------------+
; General Register Statistics                          ;
+----------------------------------------------+-------+
; Statistic                                    ; Value ;
+----------------------------------------------+-------+
; Total registers                              ; 62    ;
; Number of registers using Synchronous Clear  ; 0     ;
; Number of registers using Synchronous Load   ; 0     ;
; Number of registers using Asynchronous Clear ; 27    ;
; Number of registers using Asynchronous Load  ; 0     ;
; Number of registers using Clock Enable       ; 8     ;
; Number of registers using Preset             ; 0     ;
+----------------------------------------------+-------+


+-------------------------------------------------------------------------------------------------------------------------------------------------------------+
; Multiplexer Restructuring Statistics (Restructuring Performed)                                                                                              ;
+--------------------+-----------+---------------+----------------------+------------------------+------------+-----------------------------------------------+
; Multiplexer Inputs ; Bus Width ; Baseline Area ; Area if Restructured ; Saving if Restructured ; Registered ; Example Multiplexer Output                    ;
+--------------------+-----------+---------------+----------------------+------------------------+------------+-----------------------------------------------+
; 3:1                ; 4 bits    ; 8 LEs         ; 4 LEs                ; 4 LEs                  ; No         ; |LogicalStep_Lab4_top|meek_meally:INST1|y_dir ;
; 3:1                ; 4 bits    ; 8 LEs         ; 4 LEs                ; 4 LEs                  ; No         ; |LogicalStep_Lab4_top|meek_meally:INST1|x_dir ;
+--------------------+-----------+---------------+----------------------+------------------------+------------+-----------------------------------------------+


+-----------------------------------------------------+
; Post-Synthesis Netlist Statistics for Top Partition ;
+-----------------------+-----------------------------+
; Type                  ; Count                       ;
+-----------------------+-----------------------------+
; boundary_port         ; 31                          ;
; cycloneiii_ff         ; 62                          ;
;     CLR               ; 19                          ;
;     ENA CLR           ; 8                           ;
;     plain             ; 35                          ;
; cycloneiii_io_obuf    ; 3                           ;
; cycloneiii_lcell_comb ; 133                         ;
;     arith             ; 31                          ;
;         2 data inputs ; 29                          ;
;         3 data inputs ; 2                           ;
;     normal            ; 102                         ;
;         0 data inputs ; 1                           ;
;         1 data inputs ; 11                          ;
;         2 data inputs ; 12                          ;
;         3 data inputs ; 32                          ;
;         4 data inputs ; 46                          ;
;                       ;                             ;
; Max LUT depth         ; 7.00                        ;
; Average LUT depth     ; 3.48                        ;
+-----------------------+-----------------------------+


+-------------------------------+
; Elapsed Time Per Partition    ;
+----------------+--------------+
; Partition Name ; Elapsed Time ;
+----------------+--------------+
; Top            ; 00:00:00     ;
+----------------+--------------+


+-------------------------------+
; Analysis & Synthesis Messages ;
+-------------------------------+
Info: *******************************************************************
Info: Running Quartus Prime Analysis & Synthesis
    Info: Version 15.1.0 Build 185 10/21/2015 SJ Standard Edition
    Info: Processing started: Tue Jul 10 14:31:05 2018
Info: Command: quartus_map --read_settings_files=on --write_settings_files=off LogicalStep_Lab4 -c LogicalStep_Lab4_top
Info (20030): Parallel compilation is enabled and will use 2 of the 2 processors detected
Info (12021): Found 2 design units, including 1 entities, in source file bidir_shift_reg.vhd
    Info (12022): Found design unit 1: Bidir_shift_reg-one File: N:/ECE124/Lab4/Bidir_shift_reg.vhd Line: 16
    Info (12023): Found entity 1: Bidir_shift_reg File: N:/ECE124/Lab4/Bidir_shift_reg.vhd Line: 5
Info (12021): Found 2 design units, including 1 entities, in source file bin_counter4bit.vhd
    Info (12022): Found design unit 1: Bin_counter4bit-one File: N:/ECE124/Lab4/Bin_counter4bit.vhd Line: 16
    Info (12023): Found entity 1: Bin_counter4bit File: N:/ECE124/Lab4/Bin_counter4bit.vhd Line: 5
Info (12021): Found 2 design units, including 1 entities, in source file grabbalar.vhd
    Info (12022): Found design unit 1: grabbalar-SM File: N:/ECE124/Lab4/grabbalar.vhd Line: 13
    Info (12023): Found entity 1: grabbalar File: N:/ECE124/Lab4/grabbalar.vhd Line: 5
Info (12021): Found 2 design units, including 1 entities, in source file logicalstep_lab4_top.vhd
    Info (12022): Found design unit 1: LogicalStep_Lab4_top-SimpleCircuit File: N:/ECE124/Lab4/LogicalStep_Lab4_top.vhd Line: 21
    Info (12023): Found entity 1: LogicalStep_Lab4_top File: N:/ECE124/Lab4/LogicalStep_Lab4_top.vhd Line: 6
Info (12021): Found 2 design units, including 1 entities, in source file segment7_mux.vhd
    Info (12022): Found design unit 1: segment7_mux-syn File: N:/ECE124/Lab4/segment7_mux.vhd Line: 67
    Info (12023): Found entity 1: segment7_mux File: N:/ECE124/Lab4/segment7_mux.vhd Line: 52
Info (12021): Found 2 design units, including 1 entities, in source file sevensegment.vhd
    Info (12022): Found design unit 1: SevenSegment-Behavioral File: N:/ECE124/Lab4/SevenSegment.vhd Line: 18
    Info (12023): Found entity 1: SevenSegment File: N:/ECE124/Lab4/SevenSegment.vhd Line: 10
Warning (12019): Can't analyze file -- file compx4.vhd is missing
Warning (12019): Can't analyze file -- file compx1.vhd is missing
Info (12021): Found 2 design units, including 1 entities, in source file marco_extender.vhd
    Info (12022): Found design unit 1: marco_extender-SM File: N:/ECE124/Lab4/marco_extender.vhd Line: 13
    Info (12023): Found entity 1: marco_extender File: N:/ECE124/Lab4/marco_extender.vhd Line: 5
Info (12021): Found 2 design units, including 1 entities, in source file meek_meally.vhd
    Info (12022): Found design unit 1: meek_meally-SM File: N:/ECE124/Lab4/meek_meally.vhd Line: 14
    Info (12023): Found entity 1: meek_meally File: N:/ECE124/Lab4/meek_meally.vhd Line: 5
Info (12021): Found 2 design units, including 1 entities, in source file error_handler.vhd
    Info (12022): Found design unit 1: error_handler-MUX_circuit File: N:/ECE124/Lab4/error_handler.vhd Line: 11
    Info (12023): Found entity 1: error_handler File: N:/ECE124/Lab4/error_handler.vhd Line: 5
Info (12021): Found 2 design units, including 1 entities, in source file bin_counter8bit.vhd
    Info (12022): Found design unit 1: Bin_counter8bit-one File: N:/ECE124/Lab4/Bin_counter8bit.vhd Line: 16
    Info (12023): Found entity 1: Bin_counter8bit File: N:/ECE124/Lab4/Bin_counter8bit.vhd Line: 5
Info (12021): Found 2 design units, including 1 entities, in source file bidir_shift_reg_8.vhd
    Info (12022): Found design unit 1: Bidir_shift_reg8-one File: N:/ECE124/Lab4/Bidir_shift_reg_8.vhd Line: 16
    Info (12023): Found entity 1: Bidir_shift_reg8 File: N:/ECE124/Lab4/Bidir_shift_reg_8.vhd Line: 5
Info (12127): Elaborating entity "LogicalStep_Lab4_top" for the top level hierarchy
Warning (10873): Using initial value X (don't care) for net "leds[2..1]" at LogicalStep_Lab4_top.vhd(13) File: N:/ECE124/Lab4/LogicalStep_Lab4_top.vhd Line: 13
Info (12128): Elaborating entity "meek_meally" for hierarchy "meek_meally:INST1" File: N:/ECE124/Lab4/LogicalStep_Lab4_top.vhd Line: 166
Info (12128): Elaborating entity "Bin_counter4bit" for hierarchy "Bin_counter4bit:INST2" File: N:/ECE124/Lab4/LogicalStep_Lab4_top.vhd Line: 169
Warning (10492): VHDL Process Statement warning at Bin_counter4bit.vhd(34): signal "ud_bin_counter" is read inside the Process Statement but isn't in the Process Statement's sensitivity list File: N:/ECE124/Lab4/Bin_counter4bit.vhd Line: 34
Warning (12125): Using design file four_bit_comparator.vhd, which is not specified as a design file for the current project, but contains definitions for 2 design units and 1 entities in project
    Info (12022): Found design unit 1: FOUR_BIT_COMPARATOR-structural File: N:/ECE124/Lab4/four_bit_comparator.vhd Line: 13
    Info (12023): Found entity 1: FOUR_BIT_COMPARATOR File: N:/ECE124/Lab4/four_bit_comparator.vhd Line: 6
Info (12128): Elaborating entity "FOUR_BIT_COMPARATOR" for hierarchy "FOUR_BIT_COMPARATOR:INST4" File: N:/ECE124/Lab4/LogicalStep_Lab4_top.vhd Line: 172
Warning (12125): Using design file magnitude_comparator_1.vhd, which is not specified as a design file for the current project, but contains definitions for 2 design units and 1 entities in project
    Info (12022): Found design unit 1: MAGNITUDE_COMPARATOR_1-functional File: N:/ECE124/Lab4/magnitude_comparator_1.vhd Line: 13
    Info (12023): Found entity 1: MAGNITUDE_COMPARATOR_1 File: N:/ECE124/Lab4/magnitude_comparator_1.vhd Line: 6
Info (12128): Elaborating entity "MAGNITUDE_COMPARATOR_1" for hierarchy "FOUR_BIT_COMPARATOR:INST4|MAGNITUDE_COMPARATOR_1:INST1" File: N:/ECE124/Lab4/four_bit_comparator.vhd Line: 48
Warning (12125): Using design file magnitude_comparator_4.vhd, which is not specified as a design file for the current project, but contains definitions for 2 design units and 1 entities in project
    Info (12022): Found design unit 1: MAGNITUDE_COMPARATOR_4-functional File: N:/ECE124/Lab4/magnitude_comparator_4.vhd Line: 15
    Info (12023): Found entity 1: MAGNITUDE_COMPARATOR_4 File: N:/ECE124/Lab4/magnitude_comparator_4.vhd Line: 6
Info (12128): Elaborating entity "MAGNITUDE_COMPARATOR_4" for hierarchy "FOUR_BIT_COMPARATOR:INST4|MAGNITUDE_COMPARATOR_4:INST5" File: N:/ECE124/Lab4/four_bit_comparator.vhd Line: 54
Warning (12090): Entity "MUX" obtained from "mux.vhd" instead of from Quartus Prime megafunction library File: N:/ECE124/Lab4/mux.vhd Line: 5
Warning (12125): Using design file mux.vhd, which is not specified as a design file for the current project, but contains definitions for 2 design units and 1 entities in project
    Info (12022): Found design unit 1: MUX-MUX_circuit File: N:/ECE124/Lab4/mux.vhd Line: 13
    Info (12023): Found entity 1: MUX File: N:/ECE124/Lab4/mux.vhd Line: 5
Info (12128): Elaborating entity "MUX" for hierarchy "MUX:INST6" File: N:/ECE124/Lab4/LogicalStep_Lab4_top.vhd Line: 175
Warning (10492): VHDL Process Statement warning at mux.vhd(20): signal "in_A" is read inside the Process Statement but isn't in the Process Statement's sensitivity list File: N:/ECE124/Lab4/mux.vhd Line: 20
Warning (10492): VHDL Process Statement warning at mux.vhd(21): signal "in_B" is read inside the Process Statement but isn't in the Process Statement's sensitivity list File: N:/ECE124/Lab4/mux.vhd Line: 21
Info (12128): Elaborating entity "SevenSegment" for hierarchy "SevenSegment:INST8" File: N:/ECE124/Lab4/LogicalStep_Lab4_top.vhd Line: 178
Info (12128): Elaborating entity "error_handler" for hierarchy "error_handler:INST10" File: N:/ECE124/Lab4/LogicalStep_Lab4_top.vhd Line: 181
Warning (10492): VHDL Process Statement warning at error_handler.vhd(19): signal "fast_clk" is read inside the Process Statement but isn't in the Process Statement's sensitivity list File: N:/ECE124/Lab4/error_handler.vhd Line: 19
Warning (10492): VHDL Process Statement warning at error_handler.vhd(20): signal "slow_clk" is read inside the Process Statement but isn't in the Process Statement's sensitivity list File: N:/ECE124/Lab4/error_handler.vhd Line: 20
Info (12128): Elaborating entity "segment7_mux" for hierarchy "segment7_mux:INST11" File: N:/ECE124/Lab4/LogicalStep_Lab4_top.vhd Line: 183
Info (12128): Elaborating entity "marco_extender" for hierarchy "marco_extender:INST12" File: N:/ECE124/Lab4/LogicalStep_Lab4_top.vhd Line: 185
Info (12128): Elaborating entity "Bidir_shift_reg" for hierarchy "Bidir_shift_reg:INST13" File: N:/ECE124/Lab4/LogicalStep_Lab4_top.vhd Line: 188
Warning (10492): VHDL Process Statement warning at Bidir_shift_reg.vhd(34): signal "sreg" is read inside the Process Statement but isn't in the Process Statement's sensitivity list File: N:/ECE124/Lab4/Bidir_shift_reg.vhd Line: 34
Info (12128): Elaborating entity "grabbalar" for hierarchy "grabbalar:INST14" File: N:/ECE124/Lab4/LogicalStep_Lab4_top.vhd Line: 189
Warning (19016): Clock multiplexers are found and protected
    Warning (19017): Found clock multiplexer error_handler:INST10|out_clk File: N:/ECE124/Lab4/error_handler.vhd Line: 7
Warning (13024): Output pins are stuck at VCC or GND
    Warning (13410): Pin "leds[1]" is stuck at GND File: N:/ECE124/Lab4/LogicalStep_Lab4_top.vhd Line: 13
    Warning (13410): Pin "leds[2]" is stuck at GND File: N:/ECE124/Lab4/LogicalStep_Lab4_top.vhd Line: 13
Info (286030): Timing-Driven Synthesis is running
Info (17049): 2 registers lost all their fanouts during netlist optimizations.
Info (16010): Generating hard_block partition "hard_block:auto_generated_inst"
    Info (16011): Adding 0 node(s), including 0 DDIO, 0 PLL, 0 transceiver and 0 LCELL
Info (21057): Implemented 161 device resources after synthesis - the final resource count might be different
    Info (21058): Implemented 14 input pins
    Info (21059): Implemented 17 output pins
    Info (21061): Implemented 130 logic cells
Info: Quartus Prime Analysis & Synthesis was successful. 0 errors, 19 warnings
    Info: Peak virtual memory: 858 megabytes
    Info: Processing ended: Tue Jul 10 14:31:20 2018
    Info: Elapsed time: 00:00:15
    Info: Total CPU time (on all processors): 00:00:23


